This is pdfTeX, Version 3.14159265-2.6-1.40.15 (TeX Live 2014) (preloaded format=pdflatex 2014.5.25)  20 JAN 2016 16:44
entering extended mode
 restricted \write18 enabled.
 file:line:error style messages enabled.
 %&-line parsing enabled.
**paper.tex
(./paper.tex
LaTeX2e <2014/05/01>
Babel <3.9k> and hyphenation patterns for 78 languages loaded.
(./IEEEtran.cls
Document Class: IEEEtran 2007/03/05 V1.7a by Michael Shell
-- See the "IEEEtran_HOWTO" manual for usage information.
-- http://www.michaelshell.org/tex/ieeetran/
\@IEEEtrantmpdimenA=\dimen102
\@IEEEtrantmpdimenB=\dimen103
\@IEEEtrantmpcountA=\count79
\@IEEEtrantmpcountB=\count80
\@IEEEtrantmptoksA=\toks14
LaTeX Font Info:    Try loading font information for OT1+ptm on input line 373.

(/usr/local/texlive/2014/texmf-dist/tex/latex/psnfss/ot1ptm.fd
File: ot1ptm.fd 2001/06/04 font definitions for OT1/ptm.
)
-- Using 8.5in x 11in (letter) paper.
-- Using PDF output.
\@IEEEnormalsizeunitybaselineskip=\dimen104
-- This is a 10 point document.
\CLASSINFOnormalsizebaselineskip=\dimen105
\CLASSINFOnormalsizeunitybaselineskip=\dimen106
\IEEEnormaljot=\dimen107
LaTeX Font Info:    Font shape `OT1/ptm/bx/n' in size <5> not available
(Font)              Font shape `OT1/ptm/b/n' tried instead on input line 731.
LaTeX Font Info:    Font shape `OT1/ptm/bx/it' in size <5> not available
(Font)              Font shape `OT1/ptm/b/it' tried instead on input line 731.
LaTeX Font Info:    Font shape `OT1/ptm/bx/n' in size <7> not available
(Font)              Font shape `OT1/ptm/b/n' tried instead on input line 731.
LaTeX Font Info:    Font shape `OT1/ptm/bx/it' in size <7> not available
(Font)              Font shape `OT1/ptm/b/it' tried instead on input line 731.
LaTeX Font Info:    Font shape `OT1/ptm/bx/n' in size <8> not available
(Font)              Font shape `OT1/ptm/b/n' tried instead on input line 731.
LaTeX Font Info:    Font shape `OT1/ptm/bx/it' in size <8> not available
(Font)              Font shape `OT1/ptm/b/it' tried instead on input line 731.
LaTeX Font Info:    Font shape `OT1/ptm/bx/n' in size <9> not available
(Font)              Font shape `OT1/ptm/b/n' tried instead on input line 731.
LaTeX Font Info:    Font shape `OT1/ptm/bx/it' in size <9> not available
(Font)              Font shape `OT1/ptm/b/it' tried instead on input line 731.
LaTeX Font Info:    Font shape `OT1/ptm/bx/n' in size <10> not available
(Font)              Font shape `OT1/ptm/b/n' tried instead on input line 731.
LaTeX Font Info:    Font shape `OT1/ptm/bx/it' in size <10> not available
(Font)              Font shape `OT1/ptm/b/it' tried instead on input line 731.
LaTeX Font Info:    Font shape `OT1/ptm/bx/n' in size <11> not available
(Font)              Font shape `OT1/ptm/b/n' tried instead on input line 731.
LaTeX Font Info:    Font shape `OT1/ptm/bx/it' in size <11> not available
(Font)              Font shape `OT1/ptm/b/it' tried instead on input line 731.
LaTeX Font Info:    Font shape `OT1/ptm/bx/n' in size <12> not available
(Font)              Font shape `OT1/ptm/b/n' tried instead on input line 731.
LaTeX Font Info:    Font shape `OT1/ptm/bx/it' in size <12> not available
(Font)              Font shape `OT1/ptm/b/it' tried instead on input line 731.
LaTeX Font Info:    Font shape `OT1/ptm/bx/n' in size <17> not available
(Font)              Font shape `OT1/ptm/b/n' tried instead on input line 731.
LaTeX Font Info:    Font shape `OT1/ptm/bx/it' in size <17> not available
(Font)              Font shape `OT1/ptm/b/it' tried instead on input line 731.
LaTeX Font Info:    Font shape `OT1/ptm/bx/n' in size <20> not available
(Font)              Font shape `OT1/ptm/b/n' tried instead on input line 731.
LaTeX Font Info:    Font shape `OT1/ptm/bx/it' in size <20> not available
(Font)              Font shape `OT1/ptm/b/it' tried instead on input line 731.
LaTeX Font Info:    Font shape `OT1/ptm/bx/n' in size <24> not available
(Font)              Font shape `OT1/ptm/b/n' tried instead on input line 731.
LaTeX Font Info:    Font shape `OT1/ptm/bx/it' in size <24> not available
(Font)              Font shape `OT1/ptm/b/it' tried instead on input line 731.
\IEEEilabelindentA=\dimen108
\IEEEilabelindentB=\dimen109
\IEEEilabelindent=\dimen110
\IEEEelabelindent=\dimen111
\IEEEdlabelindent=\dimen112
\IEEElabelindent=\dimen113
\IEEEiednormlabelsep=\dimen114
\IEEEiedmathlabelsep=\dimen115
\IEEEiedtopsep=\skip41
\c@section=\count81
\c@subsection=\count82
\c@subsubsection=\count83
\c@paragraph=\count84
\c@IEEEsubequation=\count85
\abovecaptionskip=\skip42
\belowcaptionskip=\skip43
\c@figure=\count86
\c@table=\count87
\@IEEEeqnnumcols=\count88
\@IEEEeqncolcnt=\count89
\@IEEEtmpitemindent=\dimen116
\c@IEEEbiography=\count90
\@IEEEtranrubishbin=\box26
) (/usr/local/texlive/2014/texmf-dist/tex/latex/base/fixltx2e.sty
Package: fixltx2e 2014/05/13 v1.1q fixes to LaTeX
LaTeX Info: Redefining \em on input line 429.
)
(/usr/local/texlive/2014/texmf-dist/tex/latex/graphics/epsfig.sty
Package: epsfig 1999/02/16 v1.7a (e)psfig emulation (SPQR)

(/usr/local/texlive/2014/texmf-dist/tex/latex/graphics/graphicx.sty
Package: graphicx 2014/04/25 v1.0g Enhanced LaTeX Graphics (DPC,SPQR)

(/usr/local/texlive/2014/texmf-dist/tex/latex/graphics/keyval.sty
Package: keyval 2014/05/08 v1.15 key=value parser (DPC)
\KV@toks@=\toks15
)
(/usr/local/texlive/2014/texmf-dist/tex/latex/graphics/graphics.sty
Package: graphics 2009/02/05 v1.0o Standard LaTeX Graphics (DPC,SPQR)

(/usr/local/texlive/2014/texmf-dist/tex/latex/graphics/trig.sty
Package: trig 1999/03/16 v1.09 sin cos tan (DPC)
)
(/usr/local/texlive/2014/texmf-dist/tex/latex/latexconfig/graphics.cfg
File: graphics.cfg 2010/04/23 v1.9 graphics configuration of TeX Live
)
Package graphics Info: Driver file: pdftex.def on input line 91.

(/usr/local/texlive/2014/texmf-dist/tex/latex/pdftex-def/pdftex.def
File: pdftex.def 2011/05/27 v0.06d Graphics/color for pdfTeX

(/usr/local/texlive/2014/texmf-dist/tex/generic/oberdiek/infwarerr.sty
Package: infwarerr 2010/04/08 v1.3 Providing info/warning/error messages (HO)
)
(/usr/local/texlive/2014/texmf-dist/tex/generic/oberdiek/ltxcmds.sty
Package: ltxcmds 2011/11/09 v1.22 LaTeX kernel commands for general use (HO)
)
\Gread@gobject=\count91
))
\Gin@req@height=\dimen117
\Gin@req@width=\dimen118
)
\epsfxsize=\dimen119
\epsfysize=\dimen120
)
(/usr/local/texlive/2014/texmf-dist/tex/latex/oberdiek/epstopdf.sty
Package: epstopdf 2010/02/09 v2.5 Conversion with epstopdf on the fly (HO)

(/usr/local/texlive/2014/texmf-dist/tex/latex/oberdiek/epstopdf-base.sty
Package: epstopdf-base 2010/02/09 v2.5 Base part for package epstopdf

(/usr/local/texlive/2014/texmf-dist/tex/latex/oberdiek/grfext.sty
Package: grfext 2010/08/19 v1.1 Manage graphics extensions (HO)

(/usr/local/texlive/2014/texmf-dist/tex/generic/oberdiek/kvdefinekeys.sty
Package: kvdefinekeys 2011/04/07 v1.3 Define keys (HO)
))
(/usr/local/texlive/2014/texmf-dist/tex/latex/oberdiek/kvoptions.sty
Package: kvoptions 2011/06/30 v3.11 Key value format for package options (HO)

(/usr/local/texlive/2014/texmf-dist/tex/generic/oberdiek/kvsetkeys.sty
Package: kvsetkeys 2012/04/25 v1.16 Key value parser (HO)

(/usr/local/texlive/2014/texmf-dist/tex/generic/oberdiek/etexcmds.sty
Package: etexcmds 2011/02/16 v1.5 Avoid name clashes with e-TeX commands (HO)

(/usr/local/texlive/2014/texmf-dist/tex/generic/oberdiek/ifluatex.sty
Package: ifluatex 2010/03/01 v1.3 Provides the ifluatex switch (HO)
Package ifluatex Info: LuaTeX not detected.
)
Package etexcmds Info: Could not find \expanded.
(etexcmds)             That can mean that you are not using pdfTeX 1.50 or
(etexcmds)             that some package has redefined \expanded.
(etexcmds)             In the latter case, load this package earlier.
)))
(/usr/local/texlive/2014/texmf-dist/tex/generic/oberdiek/pdftexcmds.sty
Package: pdftexcmds 2011/11/29 v0.20 Utility functions of pdfTeX for LuaTeX (HO
)

(/usr/local/texlive/2014/texmf-dist/tex/generic/oberdiek/ifpdf.sty
Package: ifpdf 2011/01/30 v2.3 Provides the ifpdf switch (HO)
Package ifpdf Info: pdfTeX in PDF mode is detected.
)
Package pdftexcmds Info: LuaTeX not detected.
Package pdftexcmds Info: \pdf@primitive is available.
Package pdftexcmds Info: \pdf@ifprimitive is available.
Package pdftexcmds Info: \pdfdraftmode found.
)
Package grfext Info: Graphics extension search list:
(grfext)             [.png,.pdf,.jpg,.mps,.jpeg,.jbig2,.jb2,.PNG,.PDF,.JPG,.JPE
G,.JBIG2,.JB2,.eps]
(grfext)             \AppendGraphicsExtensions on input line 452.

(/usr/local/texlive/2014/texmf-dist/tex/latex/latexconfig/epstopdf-sys.cfg
File: epstopdf-sys.cfg 2010/07/13 v1.3 Configuration of (r)epstopdf for TeX Liv
e
)))
(/usr/local/texlive/2014/texmf-dist/tex/latex/tools/xspace.sty
Package: xspace 2009/10/20 v1.13 Space after command names (DPC,MH)
) (./defs.sty
\c@theorem=\count92
\c@definition=\count93
\c@example=\count94
)
(/usr/local/texlive/2014/texmf-dist/tex/latex/amsmath/amsmath.sty
Package: amsmath 2013/01/14 v2.14 AMS math features
\@mathmargin=\skip44

For additional information on amsmath, use the `?' option.
(/usr/local/texlive/2014/texmf-dist/tex/latex/amsmath/amstext.sty
Package: amstext 2000/06/29 v2.01

(/usr/local/texlive/2014/texmf-dist/tex/latex/amsmath/amsgen.sty
File: amsgen.sty 1999/11/30 v2.0
\@emptytoks=\toks16
\ex@=\dimen121
))
(/usr/local/texlive/2014/texmf-dist/tex/latex/amsmath/amsbsy.sty
Package: amsbsy 1999/11/29 v1.2d
\pmbraise@=\dimen122
)
(/usr/local/texlive/2014/texmf-dist/tex/latex/amsmath/amsopn.sty
Package: amsopn 1999/12/14 v2.01 operator names
)
\inf@bad=\count95
LaTeX Info: Redefining \frac on input line 210.
\uproot@=\count96
\leftroot@=\count97
LaTeX Info: Redefining \overline on input line 306.
\classnum@=\count98
\DOTSCASE@=\count99
LaTeX Info: Redefining \ldots on input line 378.
LaTeX Info: Redefining \dots on input line 381.
LaTeX Info: Redefining \cdots on input line 466.
\Mathstrutbox@=\box27
\strutbox@=\box28
\big@size=\dimen123
LaTeX Font Info:    Redeclaring font encoding OML on input line 566.
LaTeX Font Info:    Redeclaring font encoding OMS on input line 567.
\macc@depth=\count100
\c@MaxMatrixCols=\count101
\dotsspace@=\muskip10
\c@parentequation=\count102
\dspbrk@lvl=\count103
\tag@help=\toks17
\row@=\count104
\column@=\count105
\maxfields@=\count106
\andhelp@=\toks18
\eqnshift@=\dimen124
\alignsep@=\dimen125
\tagshift@=\dimen126
\tagwidth@=\dimen127
\totwidth@=\dimen128
\lineht@=\dimen129
\@envbody=\toks19
\multlinegap=\skip45
\multlinetaggap=\skip46
\mathdisplay@stack=\toks20
LaTeX Info: Redefining \[ on input line 2665.
LaTeX Info: Redefining \] on input line 2666.
)
(/usr/local/texlive/2014/texmf-dist/tex/latex/amscls/amsthm.sty
Package: amsthm 2004/08/06 v2.20
\thm@style=\toks21
\thm@bodyfont=\toks22
\thm@headfont=\toks23
\thm@notefont=\toks24
\thm@headpunct=\toks25
\thm@preskip=\skip47
\thm@postskip=\skip48
\thm@headsep=\skip49
\dth@everypar=\toks26
)
(/usr/local/texlive/2014/texmf-dist/tex/latex/amsfonts/amssymb.sty
Package: amssymb 2013/01/14 v3.01 AMS font symbols

(/usr/local/texlive/2014/texmf-dist/tex/latex/amsfonts/amsfonts.sty
Package: amsfonts 2013/01/14 v3.01 Basic AMSFonts support
\symAMSa=\mathgroup4
\symAMSb=\mathgroup5
LaTeX Font Info:    Overwriting math alphabet `\mathfrak' in version `bold'
(Font)                  U/euf/m/n --> U/euf/b/n on input line 106.
))
(/usr/local/texlive/2014/texmf-dist/tex/latex/algorithms/algorithm.sty
Package: algorithm 2009/08/24 v0.1 Document Style `algorithm' - floating enviro
nment

(/usr/local/texlive/2014/texmf-dist/tex/latex/float/float.sty
Package: float 2001/11/08 v1.3d Float enhancements (AL)
\c@float@type=\count107
\float@exts=\toks27
\float@box=\box29
\@float@everytoks=\toks28
\@floatcapt=\box30
)
(/usr/local/texlive/2014/texmf-dist/tex/latex/base/ifthen.sty
Package: ifthen 2001/05/26 v1.1c Standard LaTeX ifthen package (DPC)
)
\@float@every@algorithm=\toks29
\c@algorithm=\count108
)
(./algorithmic.sty
Package: algorithmic 

Document Style `algorithmic' - environment
(/usr/local/texlive/2014/texmf-dist/tex/latex/tools/calc.sty
Package: calc 2007/08/22 v4.3 Infix arithmetic (KKT,FJ)
\calc@Acount=\count109
\calc@Bcount=\count110
\calc@Adimen=\dimen130
\calc@Bdimen=\dimen131
\calc@Askip=\skip50
\calc@Bskip=\skip51
LaTeX Info: Redefining \setlength on input line 75.
LaTeX Info: Redefining \addtolength on input line 76.
\calc@Ccount=\count111
\calc@Cskip=\skip52
)
\c@ALC@line=\count112
\c@ALC@rem=\count113
\ALC@tlm=\skip53
)
(/usr/local/texlive/2014/texmf-dist/tex/latex/comment/comment.sty
\CommentStream=\write3

Excluding comment 'comment')
(/usr/local/texlive/2014/texmf-dist/tex/latex/tools/verbatim.sty
Package: verbatim 2003/08/22 v1.5q LaTeX2e package for verbatim enhancements
\every@verbatim=\toks30
\verbatim@line=\toks31
\verbatim@in@stream=\read1
)
(/usr/local/texlive/2014/texmf-dist/tex/latex/tools/dcolumn.sty
Package: dcolumn 2001/05/28 v1.06 decimal alignment package (DPC)

(/usr/local/texlive/2014/texmf-dist/tex/latex/tools/array.sty
Package: array 2008/09/09 v2.4c Tabular extension package (FMi)
\col@sep=\dimen132
\extrarowheight=\dimen133
\NC@list=\toks32
\extratabsurround=\skip54
\backup@length=\skip55
)) (./paper.aux)
\openout1 = `paper.aux'.

LaTeX Font Info:    Checking defaults for OML/cmm/m/it on input line 364.
LaTeX Font Info:    ... okay on input line 364.
LaTeX Font Info:    Checking defaults for T1/cmr/m/n on input line 364.
LaTeX Font Info:    ... okay on input line 364.
LaTeX Font Info:    Checking defaults for OT1/cmr/m/n on input line 364.
LaTeX Font Info:    ... okay on input line 364.
LaTeX Font Info:    Checking defaults for OMS/cmsy/m/n on input line 364.
LaTeX Font Info:    ... okay on input line 364.
LaTeX Font Info:    Checking defaults for OMX/cmex/m/n on input line 364.
LaTeX Font Info:    ... okay on input line 364.
LaTeX Font Info:    Checking defaults for U/cmr/m/n on input line 364.
LaTeX Font Info:    ... okay on input line 364.

(/usr/local/texlive/2014/texmf-dist/tex/context/base/supp-pdf.mkii
[Loading MPS to PDF converter (version 2006.09.02).]
\scratchcounter=\count114
\scratchdimen=\dimen134
\scratchbox=\box31
\nofMPsegments=\count115
\nofMParguments=\count116
\everyMPshowfont=\toks33
\MPscratchCnt=\count117
\MPscratchDim=\dimen135
\MPnumerator=\count118
\makeMPintoPDFobject=\count119
\everyMPtoPDFconversion=\toks34
)
LaTeX Font Info:    Font shape `OT1/ptm/bx/n' in size <14> not available
(Font)              Font shape `OT1/ptm/b/n' tried instead on input line 442.
LaTeX Font Info:    Try loading font information for U+msa on input line 442.
 (/usr/local/texlive/2014/texmf-dist/tex/latex/amsfonts/umsa.fd
File: umsa.fd 2013/01/14 v3.01 AMS symbols A
)
LaTeX Font Info:    Try loading font information for U+msb on input line 442.

(/usr/local/texlive/2014/texmf-dist/tex/latex/amsfonts/umsb.fd
File: umsb.fd 2013/01/14 v3.01 AMS symbols B
)
LaTeX Font Info:    Try loading font information for OMS+ptm on input line 442.


(/usr/local/texlive/2014/texmf-dist/tex/latex/psnfss/omsptm.fd
File: omsptm.fd 
)
LaTeX Font Info:    Font shape `OMS/ptm/m/it' in size <10> not available
(Font)              Font shape `OMS/cmsy/m/n' tried instead on input line 442.

(./00-abstract.tex) (./01-intro.tex
Underfull \hbox (badness 1681) in paragraph at lines 12--13
\OT1/ptm/m/n/10 on stochas-tic vari-a-tional Bayes (SVB) [[]], [[]], [[]]
 []

[1{/usr/local/texlive/2014/texmf-var/fonts/map/pdftex/updmap/pdftex.map}


])
(./02-related.tex
Underfull \hbox (badness 3250) in paragraph at lines 34--35
[]\OT1/ptm/m/n/10 SGLD orig-i-nated from the Langevin Monte Carlo
 []


Underfull \hbox (badness 4819) in paragraph at lines 36--37
[]\OT1/ptm/m/n/10 Stochastic gra-di-ent Rie-man-nian Langevin dy-nam-ics
 []


Overfull \hbox (17.94559pt too wide) in alignment at lines 37--39
 [][][] []
 []

[2]
LaTeX Font Info:    Font shape `OMS/ptm/m/n' in size <8> not available
(Font)              Font shape `OMS/cmsy/m/n' tried instead on input line 126.
) (./03-design.tex
Underfull \vbox (badness 10000) has occurred while \output is active []

 [3]
[4]) (./04-evaluation.tex
Underfull \vbox (badness 2245) has occurred while \output is active []

Package epstopdf Info: Source file: <plots/sweep-over-np-fixed-K.eps>
(epstopdf)                    date: 2016-01-13 17:33:46
(epstopdf)                    size: 0 bytes
(epstopdf)             Output file: <plots/sweep-over-np-fixed-K-eps-converted-
to.pdf>
(epstopdf)                    date: 2016-01-20 16:21:12
(epstopdf)                    size: 2217 bytes
(epstopdf)             Command: <repstopdf --outfile=plots/sweep-over-np-fixed-
K-eps-converted-to.pdf plots/sweep-over-np-fixed-K.eps>
(epstopdf)             \includegraphics on input line 39.
Package epstopdf Info: Output file is already uptodate.

<plots/sweep-over-np-fixed-K-eps-converted-to.pdf, id=33, 614.295pt x 794.97pt>
File: plots/sweep-over-np-fixed-K-eps-converted-to.pdf Graphic file (type pdf)
<use plots/sweep-over-np-fixed-K-eps-converted-to.pdf>
Package pdftex.def Info: plots/sweep-over-np-fixed-K-eps-converted-to.pdf used 
on input line 39.
(pdftex.def)             Requested size: 242.82503pt x 314.24625pt.
 [5]
Package epstopdf Info: Source file: <plots/sweep-over-K-proportional-np.eps>
(epstopdf)                    date: 2016-01-20 16:22:02
(epstopdf)                    size: 18647 bytes
(epstopdf)             Output file: <plots/sweep-over-K-proportional-np-eps-con
verted-to.pdf>
(epstopdf)                    date: 2016-01-20 16:23:26
(epstopdf)                    size: 2641 bytes
(epstopdf)             Command: <repstopdf --outfile=plots/sweep-over-K-proport
ional-np-eps-converted-to.pdf plots/sweep-over-K-proportional-np.eps>
(epstopdf)             \includegraphics on input line 86.
Package epstopdf Info: Output file is already uptodate.

<plots/sweep-over-K-proportional-np-eps-converted-to.pdf, id=37, 216.81pt x 201
.75375pt>
File: plots/sweep-over-K-proportional-np-eps-converted-to.pdf Graphic file (typ
e pdf)
 <use plots/sweep-over-K-proportional-np-eps-converted-to.pdf>
Package pdftex.def Info: plots/sweep-over-K-proportional-np-eps-converted-to.pd
f used on input line 86.
(pdftex.def)             Requested size: 242.82503pt x 225.97496pt.
Package epstopdf Info: Source file: <plots/sweep-over-K-fixed-np.eps>
(epstopdf)                    date: 2016-01-20 16:21:57
(epstopdf)                    size: 23607 bytes
(epstopdf)             Output file: <plots/sweep-over-K-fixed-np-eps-converted-
to.pdf>
(epstopdf)                    date: 2016-01-20 16:23:27
(epstopdf)                    size: 7638 bytes
(epstopdf)             Command: <repstopdf --outfile=plots/sweep-over-K-fixed-n
p-eps-converted-to.pdf plots/sweep-over-K-fixed-np.eps>
(epstopdf)             \includegraphics on input line 118.
Package epstopdf Info: Output file is already uptodate.

<plots/sweep-over-K-fixed-np-eps-converted-to.pdf, id=38, 237.88875pt x 115.431
24pt>
File: plots/sweep-over-K-fixed-np-eps-converted-to.pdf Graphic file (type pdf)
 <use plots/sweep-over-K-fixed-np-eps-converted-to.pdf>
Package pdftex.def Info: plots/sweep-over-K-fixed-np-eps-converted-to.pdf used 
on input line 118.
(pdftex.def)             Requested size: 243.91125pt x 118.36005pt.
Package epstopdf Info: Source file: <plots/hpc-cloud.eps>
(epstopdf)                    date: 2016-01-20 16:21:34
(epstopdf)                    size: 18609 bytes
(epstopdf)             Output file: <plots/hpc-cloud-eps-converted-to.pdf>
(epstopdf)                    date: 2016-01-20 16:23:28
(epstopdf)                    size: 2603 bytes
(epstopdf)             Command: <repstopdf --outfile=plots/hpc-cloud-eps-conver
ted-to.pdf plots/hpc-cloud.eps>
(epstopdf)             \includegraphics on input line 178.
Package epstopdf Info: Output file is already uptodate.

<plots/hpc-cloud-eps-converted-to.pdf, id=39, 216.81pt x 201.75375pt>
File: plots/hpc-cloud-eps-converted-to.pdf Graphic file (type pdf)

<use plots/hpc-cloud-eps-converted-to.pdf>
Package pdftex.def Info: plots/hpc-cloud-eps-converted-to.pdf used on input lin
e 178.
(pdftex.def)             Requested size: 242.82503pt x 225.97496pt.
 [6]
Package epstopdf Info: Source file: <plots/qperf.eps>
(epstopdf)                    date: 2016-01-20 16:21:44
(epstopdf)                    size: 22803 bytes
(epstopdf)             Output file: <plots/qperf-eps-converted-to.pdf>
(epstopdf)                    date: 2016-01-20 16:23:29
(epstopdf)                    size: 7961 bytes
(epstopdf)             Command: <repstopdf --outfile=plots/qperf-eps-converted-
to.pdf plots/qperf.eps>
(epstopdf)             \includegraphics on input line 223.
Package epstopdf Info: Output file is already uptodate.

<plots/qperf-eps-converted-to.pdf, id=43, 237.88875pt x 115.43124pt>
File: plots/qperf-eps-converted-to.pdf Graphic file (type pdf)

<use plots/qperf-eps-converted-to.pdf>
Package pdftex.def Info: plots/qperf-eps-converted-to.pdf used on input line 22
3.
(pdftex.def)             Requested size: 252.94499pt x 122.74225pt.

Overfull \hbox (9.03374pt too wide) in paragraph at lines 223--224
 [][] 
 []

Package epstopdf Info: Source file: <plots/ppx.eps>
(epstopdf)                    date: 2016-01-20 16:21:41
(epstopdf)                    size: 118060 bytes
(epstopdf)             Output file: <plots/ppx-eps-converted-to.pdf>
(epstopdf)                    date: 2016-01-20 16:23:30
(epstopdf)                    size: 21360 bytes
(epstopdf)             Command: <repstopdf --outfile=plots/ppx-eps-converted-to
.pdf plots/ppx.eps>
(epstopdf)             \includegraphics on input line 230.
Package epstopdf Info: Output file is already uptodate.
<plots/ppx-eps-converted-to.pdf, id=44, 650.43pt x 201.75375pt>
File: plots/ppx-eps-converted-to.pdf Graphic file (type pdf)

<use plots/ppx-eps-converted-to.pdf>
Package pdftex.def Info: plots/ppx-eps-converted-to.pdf used on input line 230.

(pdftex.def)             Requested size: 505.89pt x 156.92398pt.
 [7 <./plots/sweep-over-np-fixed-K-eps-converted-to.pdf> <./plots/sweep-over-K-
proportional-np-eps-converted-to.pdf>])
(./05-conclusion.tex) (./paper.bbl
LaTeX Font Info:    Font shape `OMS/ptm/m/it' in size <9> not available
(Font)              Font shape `OMS/cmsy/m/n' tried instead on input line 33.
LaTeX Font Info:    Font shape `OMS/ptm/m/n' in size <9> not available
(Font)              Font shape `OMS/cmsy/m/n' tried instead on input line 33.
 [8 <./plots/sweep-over-K-fixed-np-eps-converted-to.pdf> <./plots/hpc-cloud-eps
-converted-to.pdf>]
Underfull \hbox (badness 4036) in paragraph at lines 108--111
[]\OT1/ptm/m/n/9 M. Giro-lami and B. Calder-head, ``Rie-mann Man-i-fold
 []


Overfull \hbox (28.97075pt too wide) in paragraph at lines 125--131
\OT1/ptm/m/n/9 http://www.sciencedirect.com/science/article/pii/S09507051130019
01 
 []


Underfull \hbox (badness 1406) in paragraph at lines 185--191
\OT1/ptm/m/n/9 able: https://www.usenix.org/conference/nsdi14/technical-
 []

[9 <./plots/qperf-eps-converted-to.pdf>])

** Conference Paper **
Before submitting the final camera ready copy, remember to:

 1. Manually equalize the lengths of two columns on the last page
 of your paper;

 2. Ensure that any PostScript and/or PDF output post-processing
 uses only Type 1 fonts and that every step in the generation
 process uses the appropriate paper size.

[10

 <./plots/ppx-eps-converted-to.pdf>] (./paper.aux) )
(\end occurred when \iftrue on line 233 was incomplete)
(\end occurred when \iftrue on line 279 was incomplete) 
Here is how much of TeX's memory you used:
 4203 strings out of 493117
 57863 string characters out of 6135433
 138787 words of memory out of 5000000
 7542 multiletter control sequences out of 15000+600000
 49868 words of font info for 99 fonts, out of 8000000 for 9000
 1141 hyphenation exceptions out of 8191
 42i,14n,26p,1063b,456s stack positions out of 5000i,500n,10000p,200000b,80000s
{/usr/local/texlive/2014
/texmf-dist/fonts/enc/dvips/base/8r.enc}</usr/local/texlive/2014/texmf-dist/fon
ts/type1/public/amsfonts/cm/cmex10.pfb></usr/local/texlive/2014/texmf-dist/font
s/type1/public/amsfonts/cmextra/cmex8.pfb></usr/local/texlive/2014/texmf-dist/f
onts/type1/public/amsfonts/cm/cmmi10.pfb></usr/local/texlive/2014/texmf-dist/fo
nts/type1/public/amsfonts/cm/cmmi5.pfb></usr/local/texlive/2014/texmf-dist/font
s/type1/public/amsfonts/cm/cmmi6.pfb></usr/local/texlive/2014/texmf-dist/fonts/
type1/public/amsfonts/cm/cmmi7.pfb></usr/local/texlive/2014/texmf-dist/fonts/ty
pe1/public/amsfonts/cm/cmmi8.pfb></usr/local/texlive/2014/texmf-dist/fonts/type
1/public/amsfonts/cm/cmr10.pfb></usr/local/texlive/2014/texmf-dist/fonts/type1/
public/amsfonts/cm/cmr5.pfb></usr/local/texlive/2014/texmf-dist/fonts/type1/pub
lic/amsfonts/cm/cmr7.pfb></usr/local/texlive/2014/texmf-dist/fonts/type1/public
/amsfonts/cm/cmr8.pfb></usr/local/texlive/2014/texmf-dist/fonts/type1/public/am
sfonts/cm/cmsy10.pfb></usr/local/texlive/2014/texmf-dist/fonts/type1/public/ams
fonts/cm/cmsy7.pfb></usr/local/texlive/2014/texmf-dist/fonts/type1/public/amsfo
nts/cm/cmsy8.pfb></usr/local/texlive/2014/texmf-dist/fonts/type1/public/amsfont
s/cm/cmsy9.pfb></usr/local/texlive/2014/texmf-dist/fonts/type1/urw/times/utmb8a
.pfb></usr/local/texlive/2014/texmf-dist/fonts/type1/urw/times/utmbi8a.pfb></us
r/local/texlive/2014/texmf-dist/fonts/type1/urw/times/utmr8a.pfb></usr/local/te
xlive/2014/texmf-dist/fonts/type1/urw/times/utmri8a.pfb>
Output written on paper.pdf (10 pages, 274917 bytes).
PDF statistics:
 140 PDF objects out of 1000 (max. 8388607)
 99 compressed objects within 1 object stream
 0 named destinations out of 1000 (max. 500000)
 31 words of extra memory for PDF output out of 10000 (max. 10000000)

