ENVIRONMENT=
Now run: /cm/shared/apps/mvapich2/gcc/64/2.0b/bin/mpirun_rsh -ssh -export -hostfile /tmp/hosts-24584 -np 46   MV2_ENABLE_AFFINITY=0 /home/rutger/projects/etc/prun-logger ../../results/log-Friendster-np46-RN-links-mxs2K-K2K-m16K-n256-eps_t0.001/log ./apps/main/main -f /var/scratch/rutger/mcmc/datasets/sparsehash/com-friendster-H0.01 -c preprocessed -K 2K -m 16K -n 256 -x 16M -i 256 --mcmc.c 0 --mcmc.a 0.001 --mcmc.strategy random-node-links --mcmc.max-sampler-source 2K
tcp        0      0 node301.cm.cluste:16090 node301.cm.cluste:33828 TIME_WAIT  
Will invoke: ./apps/main/main -f /var/scratch/rutger/mcmc/datasets/sparsehash/com-friendster-H0.01 -c preprocessed -K 2K -m 16K -n 256 -x 16M -i 256 --mcmc.c 0 --mcmc.a 0.001 --mcmc.strategy random-node-links --mcmc.max-sampler-source 2K > ../../results/log-Friendster-np46-RN-links-mxs2K-K2K-m16K-n256-eps_t0.001/log.0 2>&1
tcp        0      0 node306.cm.cluste:60471 node301.cm.cluste:16090 TIME_WAIT  
Will invoke: ./apps/main/main -f /var/scratch/rutger/mcmc/datasets/sparsehash/com-friendster-H0.01 -c preprocessed -K 2K -m 16K -n 256 -x 16M -i 256 --mcmc.c 0 --mcmc.a 0.001 --mcmc.strategy random-node-links --mcmc.max-sampler-source 2K > ../../results/log-Friendster-np46-RN-links-mxs2K-K2K-m16K-n256-eps_t0.001/log.5 2>&1
tcp        0      0 node317.cm.cluste:42960 node301.cm.cluste:16090 TIME_WAIT  
tcp        0      0 node318.cm.cluste:49638 node301.cm.cluste:16090 TIME_WAIT  
Will invoke: ./apps/main/main -f /var/scratch/rutger/mcmc/datasets/sparsehash/com-friendster-H0.01 -c preprocessed -K 2K -m 16K -n 256 -x 16M -i 256 --mcmc.c 0 --mcmc.a 0.001 --mcmc.strategy random-node-links --mcmc.max-sampler-source 2K > ../../results/log-Friendster-np46-RN-links-mxs2K-K2K-m16K-n256-eps_t0.001/log.16 2>&1
Will invoke: ./apps/main/main -f /var/scratch/rutger/mcmc/datasets/sparsehash/com-friendster-H0.01 -c preprocessed -K 2K -m 16K -n 256 -x 16M -i 256 --mcmc.c 0 --mcmc.a 0.001 --mcmc.strategy random-node-links --mcmc.max-sampler-source 2K > ../../results/log-Friendster-np46-RN-links-mxs2K-K2K-m16K-n256-eps_t0.001/log.17 2>&1
tcp        0      0 node311.cm.cluste:34042 node301.cm.cluste:16090 TIME_WAIT  
tcp        0      0 node316.cm.cluste:35448 node301.cm.cluste:16090 TIME_WAIT  
Will invoke: ./apps/main/main -f /var/scratch/rutger/mcmc/datasets/sparsehash/com-friendster-H0.01 -c preprocessed -K 2K -m 16K -n 256 -x 16M -i 256 --mcmc.c 0 --mcmc.a 0.001 --mcmc.strategy random-node-links --mcmc.max-sampler-source 2K > ../../results/log-Friendster-np46-RN-links-mxs2K-K2K-m16K-n256-eps_t0.001/log.10 2>&1
Will invoke: ./apps/main/main -f /var/scratch/rutger/mcmc/datasets/sparsehash/com-friendster-H0.01 -c preprocessed -K 2K -m 16K -n 256 -x 16M -i 256 --mcmc.c 0 --mcmc.a 0.001 --mcmc.strategy random-node-links --mcmc.max-sampler-source 2K > ../../results/log-Friendster-np46-RN-links-mxs2K-K2K-m16K-n256-eps_t0.001/log.15 2>&1
tcp        0      0 node314.cm.cluste:50192 node301.cm.cluste:16090 TIME_WAIT  
tcp        0      0 node341.cm.cluste:39333 node301.cm.cluste:16090 TIME_WAIT  
Will invoke: ./apps/main/main -f /var/scratch/rutger/mcmc/datasets/sparsehash/com-friendster-H0.01 -c preprocessed -K 2K -m 16K -n 256 -x 16M -i 256 --mcmc.c 0 --mcmc.a 0.001 --mcmc.strategy random-node-links --mcmc.max-sampler-source 2K > ../../results/log-Friendster-np46-RN-links-mxs2K-K2K-m16K-n256-eps_t0.001/log.13 2>&1
Will invoke: ./apps/main/main -f /var/scratch/rutger/mcmc/datasets/sparsehash/com-friendster-H0.01 -c preprocessed -K 2K -m 16K -n 256 -x 16M -i 256 --mcmc.c 0 --mcmc.a 0.001 --mcmc.strategy random-node-links --mcmc.max-sampler-source 2K > ../../results/log-Friendster-np46-RN-links-mxs2K-K2K-m16K-n256-eps_t0.001/log.40 2>&1
tcp        0      0 node309.cm.cluste:34062 node301.cm.cluste:16090 TIME_WAIT  
Will invoke: ./apps/main/main -f /var/scratch/rutger/mcmc/datasets/sparsehash/com-friendster-H0.01 -c preprocessed -K 2K -m 16K -n 256 -x 16M -i 256 --mcmc.c 0 --mcmc.a 0.001 --mcmc.strategy random-node-links --mcmc.max-sampler-source 2K > ../../results/log-Friendster-np46-RN-links-mxs2K-K2K-m16K-n256-eps_t0.001/log.8 2>&1
tcp        0      0 node323.cm.cluste:59351 node301.cm.cluste:16090 TIME_WAIT  
Will invoke: ./apps/main/main -f /var/scratch/rutger/mcmc/datasets/sparsehash/com-friendster-H0.01 -c preprocessed -K 2K -m 16K -n 256 -x 16M -i 256 --mcmc.c 0 --mcmc.a 0.001 --mcmc.strategy random-node-links --mcmc.max-sampler-source 2K > ../../results/log-Friendster-np46-RN-links-mxs2K-K2K-m16K-n256-eps_t0.001/log.22 2>&1
tcp        0      0 node345.cm.cluste:43007 node301.cm.cluste:16090 TIME_WAIT  
tcp        0      0 node310.cm.cluste:34419 node301.cm.cluste:16090 TIME_WAIT  
Will invoke: ./apps/main/main -f /var/scratch/rutger/mcmc/datasets/sparsehash/com-friendster-H0.01 -c preprocessed -K 2K -m 16K -n 256 -x 16M -i 256 --mcmc.c 0 --mcmc.a 0.001 --mcmc.strategy random-node-links --mcmc.max-sampler-source 2K > ../../results/log-Friendster-np46-RN-links-mxs2K-K2K-m16K-n256-eps_t0.001/log.44 2>&1
Will invoke: ./apps/main/main -f /var/scratch/rutger/mcmc/datasets/sparsehash/com-friendster-H0.01 -c preprocessed -K 2K -m 16K -n 256 -x 16M -i 256 --mcmc.c 0 --mcmc.a 0.001 --mcmc.strategy random-node-links --mcmc.max-sampler-source 2K > ../../results/log-Friendster-np46-RN-links-mxs2K-K2K-m16K-n256-eps_t0.001/log.9 2>&1
tcp        0      0 node307.cm.cluste:48709 node301.cm.cluste:16090 TIME_WAIT  
Will invoke: ./apps/main/main -f /var/scratch/rutger/mcmc/datasets/sparsehash/com-friendster-H0.01 -c preprocessed -K 2K -m 16K -n 256 -x 16M -i 256 --mcmc.c 0 --mcmc.a 0.001 --mcmc.strategy random-node-links --mcmc.max-sampler-source 2K > ../../results/log-Friendster-np46-RN-links-mxs2K-K2K-m16K-n256-eps_t0.001/log.6 2>&1
tcp        0      0 node331.cm.cluste:36493 node301.cm.cluste:16090 TIME_WAIT  
tcp        0      0 node329.cm.cluste:38690 node301.cm.cluste:16090 TIME_WAIT  
Will invoke: ./apps/main/main -f /var/scratch/rutger/mcmc/datasets/sparsehash/com-friendster-H0.01 -c preprocessed -K 2K -m 16K -n 256 -x 16M -i 256 --mcmc.c 0 --mcmc.a 0.001 --mcmc.strategy random-node-links --mcmc.max-sampler-source 2K > ../../results/log-Friendster-np46-RN-links-mxs2K-K2K-m16K-n256-eps_t0.001/log.30 2>&1
Will invoke: ./apps/main/main -f /var/scratch/rutger/mcmc/datasets/sparsehash/com-friendster-H0.01 -c preprocessed -K 2K -m 16K -n 256 -x 16M -i 256 --mcmc.c 0 --mcmc.a 0.001 --mcmc.strategy random-node-links --mcmc.max-sampler-source 2K > ../../results/log-Friendster-np46-RN-links-mxs2K-K2K-m16K-n256-eps_t0.001/log.28 2>&1
tcp        0      0 node313.cm.cluste:57887 node301.cm.cluste:16090 TIME_WAIT  
tcp        0      0 node343.cm.cluste:54805 node301.cm.cluste:16090 TIME_WAIT  
Will invoke: ./apps/main/main -f /var/scratch/rutger/mcmc/datasets/sparsehash/com-friendster-H0.01 -c preprocessed -K 2K -m 16K -n 256 -x 16M -i 256 --mcmc.c 0 --mcmc.a 0.001 --mcmc.strategy random-node-links --mcmc.max-sampler-source 2K > ../../results/log-Friendster-np46-RN-links-mxs2K-K2K-m16K-n256-eps_t0.001/log.12 2>&1
Will invoke: ./apps/main/main -f /var/scratch/rutger/mcmc/datasets/sparsehash/com-friendster-H0.01 -c preprocessed -K 2K -m 16K -n 256 -x 16M -i 256 --mcmc.c 0 --mcmc.a 0.001 --mcmc.strategy random-node-links --mcmc.max-sampler-source 2K > ../../results/log-Friendster-np46-RN-links-mxs2K-K2K-m16K-n256-eps_t0.001/log.42 2>&1
tcp        0      0 node347.cm.cluste:40259 node301.cm.cluste:16090 TIME_WAIT  
tcp        0      0 node338.cm.cluste:55116 node301.cm.cluste:16090 TIME_WAIT  
Will invoke: ./apps/main/main -f /var/scratch/rutger/mcmc/datasets/sparsehash/com-friendster-H0.01 -c preprocessed -K 2K -m 16K -n 256 -x 16M -i 256 --mcmc.c 0 --mcmc.a 0.001 --mcmc.strategy random-node-links --mcmc.max-sampler-source 2K > ../../results/log-Friendster-np46-RN-links-mxs2K-K2K-m16K-n256-eps_t0.001/log.45 2>&1
Will invoke: ./apps/main/main -f /var/scratch/rutger/mcmc/datasets/sparsehash/com-friendster-H0.01 -c preprocessed -K 2K -m 16K -n 256 -x 16M -i 256 --mcmc.c 0 --mcmc.a 0.001 --mcmc.strategy random-node-links --mcmc.max-sampler-source 2K > ../../results/log-Friendster-np46-RN-links-mxs2K-K2K-m16K-n256-eps_t0.001/log.37 2>&1
tcp        0      0 node339.cm.cluste:44532 node301.cm.cluste:16090 TIME_WAIT  
Will invoke: ./apps/main/main -f /var/scratch/rutger/mcmc/datasets/sparsehash/com-friendster-H0.01 -c preprocessed -K 2K -m 16K -n 256 -x 16M -i 256 --mcmc.c 0 --mcmc.a 0.001 --mcmc.strategy random-node-links --mcmc.max-sampler-source 2K > ../../results/log-Friendster-np46-RN-links-mxs2K-K2K-m16K-n256-eps_t0.001/log.38 2>&1
tcp        0      0 node336.cm.cluste:45041 node301.cm.cluste:16090 TIME_WAIT  
Will invoke: ./apps/main/main -f /var/scratch/rutger/mcmc/datasets/sparsehash/com-friendster-H0.01 -c preprocessed -K 2K -m 16K -n 256 -x 16M -i 256 --mcmc.c 0 --mcmc.a 0.001 --mcmc.strategy random-node-links --mcmc.max-sampler-source 2K > ../../results/log-Friendster-np46-RN-links-mxs2K-K2K-m16K-n256-eps_t0.001/log.35 2>&1
tcp        0      0 node308.cm.cluste:58494 node301.cm.cluste:16090 TIME_WAIT  
tcp        0      0 node303.cm.cluste:60053 node301.cm.cluste:16090 TIME_WAIT  
Will invoke: ./apps/main/main -f /var/scratch/rutger/mcmc/datasets/sparsehash/com-friendster-H0.01 -c preprocessed -K 2K -m 16K -n 256 -x 16M -i 256 --mcmc.c 0 --mcmc.a 0.001 --mcmc.strategy random-node-links --mcmc.max-sampler-source 2K > ../../results/log-Friendster-np46-RN-links-mxs2K-K2K-m16K-n256-eps_t0.001/log.7 2>&1
Will invoke: ./apps/main/main -f /var/scratch/rutger/mcmc/datasets/sparsehash/com-friendster-H0.01 -c preprocessed -K 2K -m 16K -n 256 -x 16M -i 256 --mcmc.c 0 --mcmc.a 0.001 --mcmc.strategy random-node-links --mcmc.max-sampler-source 2K > ../../results/log-Friendster-np46-RN-links-mxs2K-K2K-m16K-n256-eps_t0.001/log.2 2>&1
tcp        0      0 node320.cm.cluste:43463 node301.cm.cluste:16090 TIME_WAIT  
Will invoke: ./apps/main/main -f /var/scratch/rutger/mcmc/datasets/sparsehash/com-friendster-H0.01 -c preprocessed -K 2K -m 16K -n 256 -x 16M -i 256 --mcmc.c 0 --mcmc.a 0.001 --mcmc.strategy random-node-links --mcmc.max-sampler-source 2K > ../../results/log-Friendster-np46-RN-links-mxs2K-K2K-m16K-n256-eps_t0.001/log.19 2>&1
tcp        0      0 node326.cm.cluste:55479 node301.cm.cluste:16090 TIME_WAIT  
Will invoke: ./apps/main/main -f /var/scratch/rutger/mcmc/datasets/sparsehash/com-friendster-H0.01 -c preprocessed -K 2K -m 16K -n 256 -x 16M -i 256 --mcmc.c 0 --mcmc.a 0.001 --mcmc.strategy random-node-links --mcmc.max-sampler-source 2K > ../../results/log-Friendster-np46-RN-links-mxs2K-K2K-m16K-n256-eps_t0.001/log.25 2>&1
tcp        0      0 node305.cm.cluste:40525 node301.cm.cluste:16090 TIME_WAIT  
Will invoke: ./apps/main/main -f /var/scratch/rutger/mcmc/datasets/sparsehash/com-friendster-H0.01 -c preprocessed -K 2K -m 16K -n 256 -x 16M -i 256 --mcmc.c 0 --mcmc.a 0.001 --mcmc.strategy random-node-links --mcmc.max-sampler-source 2K > ../../results/log-Friendster-np46-RN-links-mxs2K-K2K-m16K-n256-eps_t0.001/log.4 2>&1
tcp        0      0 node327.cm.cluste:35432 node301.cm.cluste:16090 TIME_WAIT  
Will invoke: ./apps/main/main -f /var/scratch/rutger/mcmc/datasets/sparsehash/com-friendster-H0.01 -c preprocessed -K 2K -m 16K -n 256 -x 16M -i 256 --mcmc.c 0 --mcmc.a 0.001 --mcmc.strategy random-node-links --mcmc.max-sampler-source 2K > ../../results/log-Friendster-np46-RN-links-mxs2K-K2K-m16K-n256-eps_t0.001/log.26 2>&1
tcp        0      0 node319.cm.cluste:45325 node301.cm.cluste:16090 TIME_WAIT  
Will invoke: ./apps/main/main -f /var/scratch/rutger/mcmc/datasets/sparsehash/com-friendster-H0.01 -c preprocessed -K 2K -m 16K -n 256 -x 16M -i 256 --mcmc.c 0 --mcmc.a 0.001 --mcmc.strategy random-node-links --mcmc.max-sampler-source 2K > ../../results/log-Friendster-np46-RN-links-mxs2K-K2K-m16K-n256-eps_t0.001/log.18 2>&1
tcp        0      0 node304.cm.cluste:55733 node301.cm.cluste:16090 TIME_WAIT  
Will invoke: ./apps/main/main -f /var/scratch/rutger/mcmc/datasets/sparsehash/com-friendster-H0.01 -c preprocessed -K 2K -m 16K -n 256 -x 16M -i 256 --mcmc.c 0 --mcmc.a 0.001 --mcmc.strategy random-node-links --mcmc.max-sampler-source 2K > ../../results/log-Friendster-np46-RN-links-mxs2K-K2K-m16K-n256-eps_t0.001/log.3 2>&1
tcp        0      0 node315.cm.cluste:35474 node301.cm.cluste:16090 TIME_WAIT  
Will invoke: ./apps/main/main -f /var/scratch/rutger/mcmc/datasets/sparsehash/com-friendster-H0.01 -c preprocessed -K 2K -m 16K -n 256 -x 16M -i 256 --mcmc.c 0 --mcmc.a 0.001 --mcmc.strategy random-node-links --mcmc.max-sampler-source 2K > ../../results/log-Friendster-np46-RN-links-mxs2K-K2K-m16K-n256-eps_t0.001/log.14 2>&1
tcp        0      0 node335.cm.cluste:33165 node301.cm.cluste:16090 TIME_WAIT  
Will invoke: ./apps/main/main -f /var/scratch/rutger/mcmc/datasets/sparsehash/com-friendster-H0.01 -c preprocessed -K 2K -m 16K -n 256 -x 16M -i 256 --mcmc.c 0 --mcmc.a 0.001 --mcmc.strategy random-node-links --mcmc.max-sampler-source 2K > ../../results/log-Friendster-np46-RN-links-mxs2K-K2K-m16K-n256-eps_t0.001/log.34 2>&1
tcp        0      0 node333.cm.cluste:55823 node301.cm.cluste:16090 TIME_WAIT  
Will invoke: ./apps/main/main -f /var/scratch/rutger/mcmc/datasets/sparsehash/com-friendster-H0.01 -c preprocessed -K 2K -m 16K -n 256 -x 16M -i 256 --mcmc.c 0 --mcmc.a 0.001 --mcmc.strategy random-node-links --mcmc.max-sampler-source 2K > ../../results/log-Friendster-np46-RN-links-mxs2K-K2K-m16K-n256-eps_t0.001/log.32 2>&1
tcp        0      0 node337.cm.cluste:34609 node301.cm.cluste:16090 TIME_WAIT  
Will invoke: ./apps/main/main -f /var/scratch/rutger/mcmc/datasets/sparsehash/com-friendster-H0.01 -c preprocessed -K 2K -m 16K -n 256 -x 16M -i 256 --mcmc.c 0 --mcmc.a 0.001 --mcmc.strategy random-node-links --mcmc.max-sampler-source 2K > ../../results/log-Friendster-np46-RN-links-mxs2K-K2K-m16K-n256-eps_t0.001/log.36 2>&1
tcp        0      0 node325.cm.cluste:37533 node301.cm.cluste:16090 TIME_WAIT  
tcp        0      0 node344.cm.cluste:57023 node301.cm.cluste:16090 TIME_WAIT  
Will invoke: ./apps/main/main -f /var/scratch/rutger/mcmc/datasets/sparsehash/com-friendster-H0.01 -c preprocessed -K 2K -m 16K -n 256 -x 16M -i 256 --mcmc.c 0 --mcmc.a 0.001 --mcmc.strategy random-node-links --mcmc.max-sampler-source 2K > ../../results/log-Friendster-np46-RN-links-mxs2K-K2K-m16K-n256-eps_t0.001/log.24 2>&1
Will invoke: ./apps/main/main -f /var/scratch/rutger/mcmc/datasets/sparsehash/com-friendster-H0.01 -c preprocessed -K 2K -m 16K -n 256 -x 16M -i 256 --mcmc.c 0 --mcmc.a 0.001 --mcmc.strategy random-node-links --mcmc.max-sampler-source 2K > ../../results/log-Friendster-np46-RN-links-mxs2K-K2K-m16K-n256-eps_t0.001/log.43 2>&1
tcp        0      0 node332.cm.cluste:40839 node301.cm.cluste:16090 TIME_WAIT  
Will invoke: ./apps/main/main -f /var/scratch/rutger/mcmc/datasets/sparsehash/com-friendster-H0.01 -c preprocessed -K 2K -m 16K -n 256 -x 16M -i 256 --mcmc.c 0 --mcmc.a 0.001 --mcmc.strategy random-node-links --mcmc.max-sampler-source 2K > ../../results/log-Friendster-np46-RN-links-mxs2K-K2K-m16K-n256-eps_t0.001/log.31 2>&1
tcp        0      0 node322.cm.cluste:36791 node301.cm.cluste:16090 TIME_WAIT  
Will invoke: ./apps/main/main -f /var/scratch/rutger/mcmc/datasets/sparsehash/com-friendster-H0.01 -c preprocessed -K 2K -m 16K -n 256 -x 16M -i 256 --mcmc.c 0 --mcmc.a 0.001 --mcmc.strategy random-node-links --mcmc.max-sampler-source 2K > ../../results/log-Friendster-np46-RN-links-mxs2K-K2K-m16K-n256-eps_t0.001/log.21 2>&1
tcp        0      0 node342.cm.cluste:47726 node301.cm.cluste:16090 TIME_WAIT  
Will invoke: ./apps/main/main -f /var/scratch/rutger/mcmc/datasets/sparsehash/com-friendster-H0.01 -c preprocessed -K 2K -m 16K -n 256 -x 16M -i 256 --mcmc.c 0 --mcmc.a 0.001 --mcmc.strategy random-node-links --mcmc.max-sampler-source 2K > ../../results/log-Friendster-np46-RN-links-mxs2K-K2K-m16K-n256-eps_t0.001/log.41 2>&1
tcp        0      0 node321.cm.cluste:59773 node301.cm.cluste:16090 TIME_WAIT  
Will invoke: ./apps/main/main -f /var/scratch/rutger/mcmc/datasets/sparsehash/com-friendster-H0.01 -c preprocessed -K 2K -m 16K -n 256 -x 16M -i 256 --mcmc.c 0 --mcmc.a 0.001 --mcmc.strategy random-node-links --mcmc.max-sampler-source 2K > ../../results/log-Friendster-np46-RN-links-mxs2K-K2K-m16K-n256-eps_t0.001/log.20 2>&1
tcp        0      0 node330.cm.cluste:51495 node301.cm.cluste:16090 TIME_WAIT  
Will invoke: ./apps/main/main -f /var/scratch/rutger/mcmc/datasets/sparsehash/com-friendster-H0.01 -c preprocessed -K 2K -m 16K -n 256 -x 16M -i 256 --mcmc.c 0 --mcmc.a 0.001 --mcmc.strategy random-node-links --mcmc.max-sampler-source 2K > ../../results/log-Friendster-np46-RN-links-mxs2K-K2K-m16K-n256-eps_t0.001/log.29 2>&1
tcp        0      0 node302.cm.cluste:55684 node301.cm.cluste:16090 TIME_WAIT  
Will invoke: ./apps/main/main -f /var/scratch/rutger/mcmc/datasets/sparsehash/com-friendster-H0.01 -c preprocessed -K 2K -m 16K -n 256 -x 16M -i 256 --mcmc.c 0 --mcmc.a 0.001 --mcmc.strategy random-node-links --mcmc.max-sampler-source 2K > ../../results/log-Friendster-np46-RN-links-mxs2K-K2K-m16K-n256-eps_t0.001/log.1 2>&1
tcp        0      0 node312.cm.cluste:44051 node301.cm.cluste:16090 TIME_WAIT  
Will invoke: ./apps/main/main -f /var/scratch/rutger/mcmc/datasets/sparsehash/com-friendster-H0.01 -c preprocessed -K 2K -m 16K -n 256 -x 16M -i 256 --mcmc.c 0 --mcmc.a 0.001 --mcmc.strategy random-node-links --mcmc.max-sampler-source 2K > ../../results/log-Friendster-np46-RN-links-mxs2K-K2K-m16K-n256-eps_t0.001/log.11 2>&1
tcp        0      0 node324.cm.cluste:54682 node301.cm.cluste:16090 TIME_WAIT  
Will invoke: ./apps/main/main -f /var/scratch/rutger/mcmc/datasets/sparsehash/com-friendster-H0.01 -c preprocessed -K 2K -m 16K -n 256 -x 16M -i 256 --mcmc.c 0 --mcmc.a 0.001 --mcmc.strategy random-node-links --mcmc.max-sampler-source 2K > ../../results/log-Friendster-np46-RN-links-mxs2K-K2K-m16K-n256-eps_t0.001/log.23 2>&1
tcp        0      0 node340.cm.cluste:41589 node301.cm.cluste:16090 TIME_WAIT  
Will invoke: ./apps/main/main -f /var/scratch/rutger/mcmc/datasets/sparsehash/com-friendster-H0.01 -c preprocessed -K 2K -m 16K -n 256 -x 16M -i 256 --mcmc.c 0 --mcmc.a 0.001 --mcmc.strategy random-node-links --mcmc.max-sampler-source 2K > ../../results/log-Friendster-np46-RN-links-mxs2K-K2K-m16K-n256-eps_t0.001/log.39 2>&1
tcp        0      0 node334.cm.cluste:48748 node301.cm.cluste:16090 TIME_WAIT  
Will invoke: ./apps/main/main -f /var/scratch/rutger/mcmc/datasets/sparsehash/com-friendster-H0.01 -c preprocessed -K 2K -m 16K -n 256 -x 16M -i 256 --mcmc.c 0 --mcmc.a 0.001 --mcmc.strategy random-node-links --mcmc.max-sampler-source 2K > ../../results/log-Friendster-np46-RN-links-mxs2K-K2K-m16K-n256-eps_t0.001/log.33 2>&1
tcp        0      0 node328.cm.cluste:54636 node301.cm.cluste:16090 TIME_WAIT  
Will invoke: ./apps/main/main -f /var/scratch/rutger/mcmc/datasets/sparsehash/com-friendster-H0.01 -c preprocessed -K 2K -m 16K -n 256 -x 16M -i 256 --mcmc.c 0 --mcmc.a 0.001 --mcmc.strategy random-node-links --mcmc.max-sampler-source 2K > ../../results/log-Friendster-np46-RN-links-mxs2K-K2K-m16K-n256-eps_t0.001/log.27 2>&1
Killed by signal 2.
