Command line: ./apps/main/main -f /mnt/data/datasets/com-dblp.ungraph.txt.gz -K 256 -m 4K -n 32 --mcmc.sampler.max-source 4K --mcmc.c 0 --mcmc.a 1e-06 -i 256 -x 1K --mcmc.replicated-graph 
start MCMC stochastical distributed 
Floating point precision: 32bit
PID 5820
Build type Release
Graph implementation: adjacency list (google sparseset)
MPI_Init() done, rank 0 size 1
Set held_out_ratio to default 0.1
Create per-thread randoms
Random seed [42,43]
Random seed [42,44]
Random seed [42,45]
Random seed [42,46]
Random seed [42,47]
Random seed [42,48]
Random seed [42,49]
Random seed [42,50]
Random seed [42,51]
Random seed [42,52]
Random seed [42,53]
Random seed [42,54]
Random seed [42,55]
Random seed [42,56]
Random seed [42,57]
Random seed [42,58]
Random seed[0] 0x2a,0x2b
Handle input dataset from file /mnt/data/datasets/com-dblp.ungraph.txt.gz
0ms open file
For memory query file /proc/5820/statm
0.000 Memory usage: total 148MB resident 6MB 
Edges read 1048576
1.610 Memory usage: total 173MB resident 31MB 
1621ms read ordered set
1.621 Memory usage: total 181MB resident 32MB 
#nodes 317080 min 1 max 425875 #edges 1049866
1701ms create map
1.701 Memory usage: total 193MB resident 44MB 
Edges inserted 1048576
2.782 Memory usage: total 244MB resident 95MB 
#edges original 1049866 undirected subsets 2099732 duplicates 0 self-links 0
2784ms create NetworkGraph
2.784 Memory usage: total 244MB resident 95MB 
2.849 Memory usage: total 228MB resident 86MB 
Found prefix sum for edges in AdjacencyList graph: top bucket edge 2099732 max edge 2099735
train_link_map is gone; calculate membership for each edge as linked_edges - held_out_map - test_map
2.883 Memory usage: total 349MB resident 86MB 
Edges/in in held-out set 0
2.949 Memory usage: total 1309MB resident 86MB 
Edges in held-out set 104986
3.048 Memory usage: total 1309MB resident 86MB 
Edges/in in test set 0
3.206 Memory usage: total 1309MB resident 90MB 
Edges in test set 104987
3.435 Memory usage: total 1309MB resident 90MB 
FIXME: can't I parallelize by not doing the order check?
max_fan_out 300
N 317080 E 1049866 link ratio 2.08847e-05 K 256
minibatch size 4096 epsilon 1e-07 alpha 0.00390625 iterations 1024 convergence 1e-12
sampling strategy stratified-random-node
omp max threads 16
num_node_sample 32
a 1e-06 b 1024 c 0 eta (1,1)
minibatch size: 4096
Use D-KV store type rdma
Option rdma.oob-server not set, no PRUN/SLURM environment. Assume OOB server is me = ubuntu
mem_total 980496880 pi_total 976681717 max pi cache entries 30521303
minibatch size param 4096 max 8791 my max 8791 chunk 897685 #neighbors(total) 290103 cache max entries 298894 computed max pi cache entries 30521303
perplexity nodes total 209972 local 209972 mine 209972 chunk 15260651
Option rdma.oob-server not set, no PRUN/SLURM environment. Assume OOB server is me = ubuntu
ubuntu: RDMA OOB network: receive message from master, my rank is 0
RDMA D-KV store includes the master node
failed to find any InfiniBand devices: Function not implemented
*** No working Infiniband. Sequential run, continue
MR/value addr=0x7fdc74924010 size 136dba60
MR/cache addr=0x7fdc6241c010 size 12507638
MR/write addr=0xf57db0 size 89e55c
Migrate QPs to RTR, RTS
Resize my queue pointers, use >= 11.4019MB
Master is a worker, does host pi values
.....................................
run():614 5.635 Memory usage: total 2237MB resident 648MB 
average_count is: 2 step count: 1 time: 0.060 perplexity for hold out set: 3.137102127075
average_count is: 3 step count: 101 time: 43.062 perplexity for hold out set: 3.060564041138
average_count is: 4 step count: 201 time: 85.433 perplexity for hold out set: 3.022865772247
average_count is: 5 step count: 301 time: 127.047 perplexity for hold out set: 2.998519420624
average_count is: 6 step count: 400 time: 168.745 perplexity for hold out set: 2.980580091476
timer                                    total (s)    ticks  per tick (us)
  load network graph                        3.955        1    3955264.455
  initialize DKV store                      0.016        1      16374.753
  populate pi                               1.513        1    1513609.980
  iteration                               168.672      3ff     164879.885
    deploy minibatch                        4.641      3ff       4537.437
      scatter subgraph              <unused>
        marshall edge count         <unused>
        scatterv edges              <unused>
        marshall edges              <unused>
        scatterv edges              <unused>
        unmarshall edges            <unused>
      sample_mini_batch                     3.041      3ff       2973.229
      nodes_in_mini_batch                   1.164      3ff       1137.930
    broadcast theta/beta                    0.191      3ff        187.408
    update_phi_pi                         151.616      3ff     148207.638
      sample_neighbor_nodes                17.869      3ff      17467.744
      load minibatch pi                     1.368      3ff       1337.484
      load neighbor pi                     44.598      3ff      43596.138
      update_phi                           81.922      3ff      80081.096
      barrier after update phi              0.014      3ff         13.733
      update_pi                             0.567      3ff        554.380
      store minibatch pi                    5.253      3ff       5135.852
      barrier after update pi               0.003      3ff          3.001
    update_beta_theta                      11.207      3ff      10955.391
      zero beta grads                       0.348      3ff        340.991
      rank minibatch nodes                  1.553      3ff       1518.741
      load pi update_beta                   1.382      3ff       1351.231
      beta calc grads                       4.301      3ff       4204.470
      beta sum grads                        0.072      3ff         70.598
      beta reduce(+) grads                  0.006      3ff          6.127
      update theta                          0.060      3ff         59.104
  perplexity                                0.345        5      69000.899
      load perplexity pi                    0.266        5      53288.461
      calc edge likelihood                  0.075        5      15005.415
      purge perplexity pi                   0.000        5          1.555
      reduce/plus perplexity                0.000        5         25.538
Linger a bit to allow gracious shutdown
timer                                    total (s)    ticks  per tick (us)
RDMA poll cq                        <unused>
RDMA read                                  47.600      c02      15484.724
     local read                            23.995  96ee08e          0.152
     per-host read                  <unused>
     post read                      <unused>
     finish read                    <unused>
RDMA write                                  5.651      424       5331.715
     local write                            4.181   496086          0.870
     per-host write                 <unused>
     post write                     <unused>
     finish write                   <unused>
RDMA barrier                        <unused>
posts 0 messages 0 msgs/post -nan
Local read   25e13dba38B 6.314GB/s
Remote read  0B 0.000GB/s per-host loop -nanGB/s
Local write  126a79a18B 1.101GB/s
Remote write 0B 0.000GB/s per-host loop -nanGB/s
                                            0.607      3fe        593.974
                                            0.489     3818         34.071
                                            0.000       f8          0.897
