Command line: ./apps/main/main -f /mnt/data/datasets/com-dblp.ungraph.txt.gz -K 16384 -m 4K -n 32 --mcmc.sampler.max-source 4K --mcmc.c 0 --mcmc.a 1e-06 -i 256 -x 1K --mcmc.replicated-graph 
start MCMC stochastical distributed 
Floating point precision: 32bit
PID 4067
Build type Release
Graph implementation: adjacency list (google sparseset)
MPI_Init() done, rank 0 size 1
Set held_out_ratio to default 0.1
Create per-thread randoms
Random seed [42,43]
Random seed [42,44]
Random seed [42,45]
Random seed [42,46]
Random seed [42,47]
Random seed [42,48]
Random seed [42,49]
Random seed [42,50]
Random seed [42,51]
Random seed [42,52]
Random seed [42,53]
Random seed [42,54]
Random seed [42,55]
Random seed [42,56]
Random seed [42,57]
Random seed [42,58]
Random seed [42,59]
Random seed [42,60]
Random seed [42,61]
Random seed [42,62]
Random seed [42,63]
Random seed [42,64]
Random seed [42,65]
Random seed [42,66]
Random seed [42,67]
Random seed [42,68]
Random seed [42,69]
Random seed [42,70]
Random seed [42,71]
Random seed [42,72]
Random seed [42,73]
Random seed [42,74]
Random seed [42,75]
Random seed [42,76]
Random seed [42,77]
Random seed [42,78]
Random seed [42,79]
Random seed [42,80]
Random seed [42,81]
Random seed [42,82]
Random seed[0] 0x2a,0x2b
Handle input dataset from file /mnt/data/datasets/com-dblp.ungraph.txt.gz
0ms open file
For memory query file /proc/4067/statm
0.000 Memory usage: total 148MB resident 6MB 
Edges read 1048576
1.675 Memory usage: total 173MB resident 31MB 
1685ms read ordered set
1.685 Memory usage: total 181MB resident 31MB 
#nodes 317080 min 1 max 425875 #edges 1049866
1765ms create map
1.765 Memory usage: total 193MB resident 43MB 
Edges inserted 1048576
2.821 Memory usage: total 244MB resident 93MB 
#edges original 1049866 undirected subsets 2099732 duplicates 0 self-links 0
2823ms create NetworkGraph
2.823 Memory usage: total 244MB resident 93MB 
2.887 Memory usage: total 228MB resident 85MB 
Found prefix sum for edges in AdjacencyList graph: top bucket edge 2099732 max edge 2099735
train_link_map is gone; calculate membership for each edge as linked_edges - held_out_map - test_map
2.964 Memory usage: total 541MB resident 86MB 
Edges/in in held-out set 0
3.043 Memory usage: total 3037MB resident 86MB 
Edges in held-out set 104986
3.242 Memory usage: total 3037MB resident 86MB 
Edges/in in test set 0
3.416 Memory usage: total 3037MB resident 86MB 
Edges in test set 104987
3.642 Memory usage: total 3037MB resident 86MB 
FIXME: can't I parallelize by not doing the order check?
max_fan_out 310
N 317080 E 1049866 link ratio 2.08847e-05 K 16384
minibatch size 4096 epsilon 1e-07 alpha 6.10352e-05 iterations 1024 convergence 1e-12
sampling strategy stratified-random-node
omp max threads 40
num_node_sample 32
a 1e-06 b 1024 c 0 eta (1,1)
minibatch size: 4096
Use D-KV store type rdma
Option rdma.oob-server not set, no PRUN/SLURM environment. Assume OOB server is me = ubuntu
mem_total 980496880 pi_total 15319328 max pi cache entries 478729
minibatch size param 4096 max 8811 my max 8811 chunk 14080 #neighbors(total) 290763 cache max entries 299574 computed max pi cache entries 478729
perplexity nodes total 209972 local 209972 mine 209972 chunk 239364
Option rdma.oob-server not set, no PRUN/SLURM environment. Assume OOB server is me = ubuntu
ubuntu: RDMA OOB network: receive message from master, my rank is 0
RDMA D-KV store includes the master node
failed to find any InfiniBand devices: Function not implemented
*** No working Infiniband. Sequential run, continue
MR/value addr=0x7f277554a010 size 4d6ab5a60
MR/cache addr=0x7f22e30c5010 size 4924848d8
MR/write addr=0x7f22c0a0c010 size 226b89ac
Migrate QPs to RTR, RTS
Resize my queue pointers, use >= 11.4278MB
Master is a worker, does host pi values
....................................
run():614 57.714 Memory usage: total 43307MB resident 20494MB 
average_count is: 2 step count: 1 time: 0.565 perplexity for hold out set: 5.195999145508
average_count is: 3 step count: 101 time: 525.252 perplexity for hold out set: 5.191033363342
average_count is: 4 step count: 201 time: 1051.319 perplexity for hold out set: 5.186987400055
average_count is: 5 step count: 301 time: 1598.679 perplexity for hold out set: 5.183345317841
average_count is: 6 step count: 400 time: 2136.755 perplexity for hold out set: 5.180009841919
timer                                    total (s)    ticks  per tick (us)
  load network graph                        4.170        1    4170284.698
  initialize DKV store                      0.011        1      11940.029
  populate pi                              53.053        1   53053633.704
  iteration                              2136.293      3ff    2088262.996
    deploy minibatch                       15.680      3ff      15328.434
      scatter subgraph              <unused>
        marshall edge count         <unused>
        scatterv edges              <unused>
        marshall edges              <unused>
        scatterv edges              <unused>
        unmarshall edges            <unused>
      sample_mini_batch                    13.716      3ff      13408.589
      nodes_in_mini_batch                   1.397      3ff       1365.970
    broadcast theta/beta                    3.603      3ff       3522.485
    update_phi_pi                        1943.512      3ff    1899816.758
      sample_neighbor_nodes                14.275      3ff      13955.022
      load minibatch pi                     1.869      3ff       1827.931
      load neighbor pi                     60.889      3ff      59520.727
      update_phi                         1655.332      3ff    1618115.373
      barrier after update phi              0.017      3ff         16.783
      update_pi                            33.889      3ff      33127.900
      store minibatch pi                  177.197      3ff     173213.229
      barrier after update pi               0.020      3ff         20.083
    update_beta_theta                     171.135      3ff     167287.481
      zero beta grads                       6.581      3ff       6434.004
      rank minibatch nodes                  1.540      3ff       1506.320
      load pi update_beta                   1.765      3ff       1726.218
      beta calc grads                     141.098      3ff     137926.149
      beta sum grads                        7.884      3ff       7707.254
      beta reduce(+) grads                  0.019      3ff         19.454
      update theta                          7.815      3ff       7639.713
  perplexity                                2.358        5     471702.352
      load perplexity pi                    0.384        5      76899.088
      calc edge likelihood                  1.970        5     394162.656
      purge perplexity pi                   0.000        5          2.409
      reduce/plus perplexity                0.000        5         28.584
Linger a bit to allow gracious shutdown
timer                                    total (s)    ticks  per tick (us)
RDMA poll cq                        <unused>
RDMA read                                  64.888      c02      21108.916
     local read                            32.721  9735c72          0.206
     per-host read                  <unused>
     post read                      <unused>
     finish read                    <unused>
RDMA write                                195.863      423     184951.225
     local write                          194.659   498152         40.409
     per-host write                 <unused>
     post write                     <unused>
     finish write                   <unused>
RDMA barrier                        <unused>
posts 0 messages 0 msgs/post -nan
Local read   973823f71c8B 295.772GB/s
Remote read  0B 0.000GB/s per-host loop -nanGB/s
Local write  4982780548B 1.511GB/s
Remote write 0B 0.000GB/s per-host loop -nanGB/s
                                            6.531      3a2       7023.451
                                            0.582     5418         27.070
                                            0.005       b8         27.357
