Command line: ./apps/main/main -f /mnt/data/datasets/com-dblp.ungraph.txt.gz -K 4096 -m 4K -n 32 --mcmc.sampler.max-source 4K --mcmc.c 0 --mcmc.a 1e-06 -i 256 -x 1K --mcmc.replicated-graph 
start MCMC stochastical distributed 
Floating point precision: 32bit
PID 5993
Build type Release
Graph implementation: adjacency list (google sparseset)
MPI_Init() done, rank 0 size 1
Set held_out_ratio to default 0.1
Create per-thread randoms
Random seed [42,43]
Random seed [42,44]
Random seed [42,45]
Random seed [42,46]
Random seed [42,47]
Random seed [42,48]
Random seed [42,49]
Random seed [42,50]
Random seed [42,51]
Random seed [42,52]
Random seed [42,53]
Random seed [42,54]
Random seed [42,55]
Random seed [42,56]
Random seed [42,57]
Random seed [42,58]
Random seed[0] 0x2a,0x2b
Handle input dataset from file /mnt/data/datasets/com-dblp.ungraph.txt.gz
0ms open file
For memory query file /proc/5993/statm
0.000 Memory usage: total 148MB resident 6MB 
Edges read 1048576
1.614 Memory usage: total 173MB resident 31MB 
1625ms read ordered set
1.625 Memory usage: total 181MB resident 31MB 
#nodes 317080 min 1 max 425875 #edges 1049866
1703ms create map
1.704 Memory usage: total 193MB resident 43MB 
Edges inserted 1048576
2.780 Memory usage: total 244MB resident 93MB 
#edges original 1049866 undirected subsets 2099732 duplicates 0 self-links 0
2782ms create NetworkGraph
2.782 Memory usage: total 244MB resident 93MB 
2.848 Memory usage: total 228MB resident 85MB 
Found prefix sum for edges in AdjacencyList graph: top bucket edge 2099732 max edge 2099735
train_link_map is gone; calculate membership for each edge as linked_edges - held_out_map - test_map
2.901 Memory usage: total 349MB resident 85MB 
Edges/in in held-out set 0
2.973 Memory usage: total 1309MB resident 85MB 
Edges in held-out set 104986
3.173 Memory usage: total 1309MB resident 85MB 
Edges/in in test set 0
3.304 Memory usage: total 1309MB resident 89MB 
Edges in test set 104987
3.530 Memory usage: total 1309MB resident 89MB 
FIXME: can't I parallelize by not doing the order check?
max_fan_out 300
N 317080 E 1049866 link ratio 2.08847e-05 K 4096
minibatch size 4096 epsilon 1e-07 alpha 0.000244141 iterations 1024 convergence 1e-12
sampling strategy stratified-random-node
omp max threads 16
num_node_sample 32
a 1e-06 b 1024 c 0 eta (1,1)
minibatch size: 4096
Use D-KV store type rdma
Option rdma.oob-server not set, no PRUN/SLURM environment. Assume OOB server is me = ubuntu
mem_total 980496880 pi_total 61266097 max pi cache entries 1914565
minibatch size param 4096 max 8791 my max 8791 chunk 56310 #neighbors(total) 290103 cache max entries 298894 computed max pi cache entries 1914565
perplexity nodes total 209972 local 209972 mine 209972 chunk 957282
Option rdma.oob-server not set, no PRUN/SLURM environment. Assume OOB server is me = ubuntu
ubuntu: RDMA OOB network: receive message from master, my rank is 0
RDMA D-KV store includes the master node
failed to find any InfiniBand devices: Function not implemented
*** No working Infiniband. Sequential run, continue
MR/value addr=0x7fb2ca46a010 size 135b95a60
MR/cache addr=0x7fb1a650e010 size 123f5be38
MR/write addr=0x7fb19dba9010 size 896495c
Migrate QPs to RTR, RTS
Resize my queue pointers, use >= 11.4019MB
Master is a worker, does host pi values
.....................................
run():614 23.609 Memory usage: total 11428MB resident 5230MB 
average_count is: 2 step count: 1 time: 0.196 perplexity for hold out set: 4.508753776550
average_count is: 3 step count: 101 time: 247.783 perplexity for hold out set: 4.493380546570
average_count is: 4 step count: 201 time: 490.855 perplexity for hold out set: 4.482599735260
average_count is: 5 step count: 301 time: 740.388 perplexity for hold out set: 4.474201679230
average_count is: 6 step count: 400 time: 989.007 perplexity for hold out set: 4.467062473297
timer                                    total (s)    ticks  per tick (us)
  load network graph                        3.990        1    3990157.994
  initialize DKV store                      0.011        1      11685.130
  populate pi                              19.454        1   19454318.565
  iteration                               988.818      3ff     966587.370
    deploy minibatch                        4.389      3ff       4290.861
      scatter subgraph              <unused>
        marshall edge count         <unused>
        scatterv edges              <unused>
        marshall edges              <unused>
        scatterv edges              <unused>
        unmarshall edges            <unused>
      sample_mini_batch                     2.899      3ff       2834.490
      nodes_in_mini_batch                   1.056      3ff       1032.630
    broadcast theta/beta                    0.945      3ff        924.670
    update_phi_pi                         926.985      3ff     906144.357
      sample_neighbor_nodes                16.450      3ff      16081.099
      load minibatch pi                     1.347      3ff       1316.979
      load neighbor pi                     43.580      3ff      42600.677
      update_phi                          814.644      3ff     796329.335
      barrier after update phi              0.028      3ff         27.863
      update_pi                             7.116      3ff       6956.547
      store minibatch pi                   43.780      3ff      42796.350
      barrier after update pi               0.017      3ff         17.555
    update_beta_theta                      55.367      3ff      54122.447
      zero beta grads                       0.619      3ff        605.896
      rank minibatch nodes                  1.199      3ff       1172.408
      load pi update_beta                   1.356      3ff       1325.973
      beta calc grads                      48.321      3ff      47235.460
      beta sum grads                        0.089      3ff         87.199
      beta reduce(+) grads                  0.015      3ff         15.226
      update theta                          0.623      3ff        609.138
  perplexity                                0.902        5     180427.198
      load perplexity pi                    0.245        5      49112.425
      calc edge likelihood                  0.652        5     130493.778
      purge perplexity pi                   0.000        5          2.636
      reduce/plus perplexity                0.000        5         84.285
Linger a bit to allow gracious shutdown
timer                                    total (s)    ticks  per tick (us)
RDMA poll cq                        <unused>
RDMA read                                  46.512      c02      15131.075
     local read                            23.446  96bc750          0.148
     per-host read                  <unused>
     post read                      <unused>
     finish read                    <unused>
RDMA write                                 48.421      424      45680.235
     local write                           47.303   4949dc          9.849
     per-host write                 <unused>
     post write                     <unused>
     finish write                   <unused>
RDMA barrier                        <unused>
posts 0 messages 0 msgs/post -nan
Local read   25b17831d40B 102.887GB/s
Remote read  0B 0.000GB/s per-host loop -nanGB/s
Local write  12539c2770B 1.550GB/s
Remote write 0B 0.000GB/s per-host loop -nanGB/s
                                            0.550      418        525.087
                                            0.493     39c3         33.364
                                            0.000       ea          0.867
