Command line: ./apps/main/main -f /mnt/data/datasets/com-dblp.ungraph.txt.gz -K 2048 -m 4K -n 32 --mcmc.sampler.max-source 4K --mcmc.c 0 --mcmc.a 1e-06 -i 256 -x 1K --mcmc.replicated-graph 
start MCMC stochastical distributed 
Floating point precision: 32bit
PID 5965
Build type Release
Graph implementation: adjacency list (google sparseset)
MPI_Init() done, rank 0 size 1
Set held_out_ratio to default 0.1
Create per-thread randoms
Random seed [42,43]
Random seed [42,44]
Random seed [42,45]
Random seed [42,46]
Random seed [42,47]
Random seed [42,48]
Random seed [42,49]
Random seed [42,50]
Random seed [42,51]
Random seed [42,52]
Random seed [42,53]
Random seed [42,54]
Random seed [42,55]
Random seed [42,56]
Random seed [42,57]
Random seed [42,58]
Random seed[0] 0x2a,0x2b
Handle input dataset from file /mnt/data/datasets/com-dblp.ungraph.txt.gz
0ms open file
For memory query file /proc/5965/statm
0.000 Memory usage: total 148MB resident 6MB 
Edges read 1048576
1.648 Memory usage: total 173MB resident 31MB 
1660ms read ordered set
1.660 Memory usage: total 181MB resident 33MB 
#nodes 317080 min 1 max 425875 #edges 1049866
1739ms create map
1.739 Memory usage: total 193MB resident 45MB 
Edges inserted 1048576
2.967 Memory usage: total 244MB resident 96MB 
#edges original 1049866 undirected subsets 2099732 duplicates 0 self-links 0
2971ms create NetworkGraph
2.971 Memory usage: total 244MB resident 96MB 
3.060 Memory usage: total 228MB resident 87MB 
Found prefix sum for edges in AdjacencyList graph: top bucket edge 2099732 max edge 2099735
train_link_map is gone; calculate membership for each edge as linked_edges - held_out_map - test_map
3.105 Memory usage: total 349MB resident 91MB 
Edges/in in held-out set 0
3.176 Memory usage: total 1309MB resident 93MB 
Edges in held-out set 104986
3.378 Memory usage: total 1309MB resident 93MB 
Edges/in in test set 0
3.536 Memory usage: total 1309MB resident 96MB 
Edges in test set 104987
3.710 Memory usage: total 1309MB resident 96MB 
FIXME: can't I parallelize by not doing the order check?
max_fan_out 300
N 317080 E 1049866 link ratio 2.08847e-05 K 2048
minibatch size 4096 epsilon 1e-07 alpha 0.000488281 iterations 1024 convergence 1e-12
sampling strategy stratified-random-node
omp max threads 16
num_node_sample 32
a 1e-06 b 1024 c 0 eta (1,1)
minibatch size: 4096
Use D-KV store type rdma
Option rdma.oob-server not set, no PRUN/SLURM environment. Assume OOB server is me = ubuntu
mem_total 980496880 pi_total 122502294 max pi cache entries 3828196
minibatch size param 4096 max 8791 my max 8791 chunk 112594 #neighbors(total) 290103 cache max entries 298894 computed max pi cache entries 3828196
perplexity nodes total 209972 local 209972 mine 209972 chunk 1914098
Option rdma.oob-server not set, no PRUN/SLURM environment. Assume OOB server is me = ubuntu
ubuntu: RDMA OOB network: receive message from master, my rank is 0
RDMA D-KV store includes the master node
failed to find any InfiniBand devices: Function not implemented
*** No working Infiniband. Sequential run, continue
MR/value addr=0x7fd06119a010 size 9ae65a60
MR/cache addr=0x7fcfcf15a010 size 9203fe38
MR/write addr=0x7fcfcaca3010 size 44b695c
Migrate QPs to RTR, RTS
Resize my queue pointers, use >= 11.4019MB
Master is a worker, does host pi values
.....................................
run():614 14.424 Memory usage: total 6424MB resident 2700MB 
average_count is: 2 step count: 1 time: 0.161 perplexity for hold out set: 4.159432888031
average_count is: 3 step count: 101 time: 164.976 perplexity for hold out set: 4.136381626129
average_count is: 4 step count: 201 time: 326.346 perplexity for hold out set: 4.120684623718
average_count is: 5 step count: 301 time: 488.095 perplexity for hold out set: 4.108712196350
average_count is: 6 step count: 400 time: 648.614 perplexity for hold out set: 4.098918437958
timer                                    total (s)    ticks  per tick (us)
  load network graph                        4.188        1    4188153.706
  initialize DKV store                      0.009        1       9234.516
  populate pi                              10.092        1   10092522.098
  iteration                               648.506      3ff     633925.772
    deploy minibatch                        4.972      3ff       4860.558
      scatter subgraph              <unused>
        marshall edge count         <unused>
        scatterv edges              <unused>
        marshall edges              <unused>
        scatterv edges              <unused>
        unmarshall edges            <unused>
      sample_mini_batch                     3.226      3ff       3153.969
      nodes_in_mini_batch                   1.258      3ff       1230.690
    broadcast theta/beta                    0.492      3ff        481.547
    update_phi_pi                         604.589      3ff     590996.524
      sample_neighbor_nodes                18.889      3ff      18464.323
      load minibatch pi                     1.604      3ff       1568.538
      load neighbor pi                     51.535      3ff      50376.998
      update_phi                          505.152      3ff     493795.646
      barrier after update phi              0.024      3ff         24.363
      update_pi                             4.282      3ff       4186.241
      store minibatch pi                   23.063      3ff      22544.578
      barrier after update pi               0.016      3ff         16.424
    update_beta_theta                      37.144      3ff      36309.392
      zero beta grads                       0.523      3ff        511.901
      rank minibatch nodes                  1.429      3ff       1397.365
      load pi update_beta                   1.634      3ff       1597.816
      beta calc grads                      29.652      3ff      28985.898
      beta sum grads                        0.059      3ff         58.280
      beta reduce(+) grads                  0.010      3ff         10.000
      update theta                          0.381      3ff        373.161
  perplexity                                0.650        5     130071.243
      load perplexity pi                    0.312        5      62571.439
      calc edge likelihood                  0.333        5      66727.930
      purge perplexity pi                   0.000        5          2.048
      reduce/plus perplexity                0.000        5         31.683
Linger a bit to allow gracious shutdown
timer                                    total (s)    ticks  per tick (us)
RDMA poll cq                        <unused>
RDMA read                                  55.065      c02      17913.391
     local read                            27.760  96ac0ad          0.176
     per-host read                  <unused>
     post read                      <unused>
     finish read                    <unused>
RDMA write                                 25.323      424      23890.395
     local write                           23.978   49425b          4.994
     per-host write                 <unused>
     post write                     <unused>
     finish write                   <unused>
RDMA barrier                        <unused>
posts 0 messages 0 msgs/post -nan
Local read   12d7dc0a2b4B 43.442GB/s
Remote read  0B 0.000GB/s per-host loop -nanGB/s
Local write  92970696cB 1.528GB/s
Remote write 0B 0.000GB/s per-host loop -nanGB/s
                                            0.570      410        548.443
                                            0.587     38eb         40.304
                                            0.000       f3          0.951
