Command line: ./apps/main/main -f /mnt/data/datasets/com-dblp.ungraph.txt.gz -K 32768 -m 4K -n 32 --mcmc.sampler.max-source 4K --mcmc.c 0 --mcmc.a 1e-06 -i 256 -x 1K --mcmc.replicated-graph 
start MCMC stochastical distributed 
Floating point precision: 32bit
PID 6071
Build type Release
Graph implementation: adjacency list (google sparseset)
MPI_Init() done, rank 0 size 1
Set held_out_ratio to default 0.1
Create per-thread randoms
Random seed [42,43]
Random seed [42,44]
Random seed [42,45]
Random seed [42,46]
Random seed [42,47]
Random seed [42,48]
Random seed [42,49]
Random seed [42,50]
Random seed [42,51]
Random seed [42,52]
Random seed [42,53]
Random seed [42,54]
Random seed [42,55]
Random seed [42,56]
Random seed [42,57]
Random seed [42,58]
Random seed[0] 0x2a,0x2b
Handle input dataset from file /mnt/data/datasets/com-dblp.ungraph.txt.gz
0ms open file
For memory query file /proc/6071/statm
0.000 Memory usage: total 148MB resident 6MB 
Edges read 1048576
1.722 Memory usage: total 173MB resident 31MB 
1732ms read ordered set
1.732 Memory usage: total 181MB resident 31MB 
#nodes 317080 min 1 max 425875 #edges 1049866
1813ms create map
1.813 Memory usage: total 193MB resident 43MB 
Edges inserted 1048576
2.849 Memory usage: total 244MB resident 93MB 
#edges original 1049866 undirected subsets 2099732 duplicates 0 self-links 0
2851ms create NetworkGraph
2.851 Memory usage: total 244MB resident 93MB 
2.912 Memory usage: total 228MB resident 85MB 
Found prefix sum for edges in AdjacencyList graph: top bucket edge 2099732 max edge 2099735
train_link_map is gone; calculate membership for each edge as linked_edges - held_out_map - test_map
2.955 Memory usage: total 349MB resident 85MB 
Edges/in in held-out set 0
3.028 Memory usage: total 1309MB resident 85MB 
Edges in held-out set 104986
3.179 Memory usage: total 1309MB resident 85MB 
Edges/in in test set 0
3.310 Memory usage: total 1309MB resident 89MB 
Edges in test set 104987
3.525 Memory usage: total 1309MB resident 89MB 
FIXME: can't I parallelize by not doing the order check?
max_fan_out 300
N 317080 E 1049866 link ratio 2.08847e-05 K 32768
minibatch size 4096 epsilon 1e-07 alpha 3.05176e-05 iterations 1024 convergence 1e-12
sampling strategy stratified-random-node
omp max threads 16
num_node_sample 32
a 1e-06 b 1024 c 0 eta (1,1)
minibatch size: 4096
Use D-KV store type rdma
Option rdma.oob-server not set, no PRUN/SLURM environment. Assume OOB server is me = ubuntu
mem_total 980496880 pi_total 7659898 max pi cache entries 239371
minibatch size param 4096 max 8791 my max 7040 chunk 7040 #neighbors(total) 232320 cache max entries 239360 computed max pi cache entries 239371
perplexity nodes total 209972 local 209972 mine 209972 chunk 119685
Option rdma.oob-server not set, no PRUN/SLURM environment. Assume OOB server is me = ubuntu
ubuntu: RDMA OOB network: receive message from master, my rank is 0
RDMA D-KV store includes the master node
failed to find any InfiniBand devices: Function not implemented
*** No working Infiniband. Sequential run, continue
MR/value addr=0x7f5b66bca010 size 9ad435a60
MR/cache addr=0x7f5418ae0010 size 74e0e9c00
MR/write addr=0x7f53d3ff7010 size 44ae895c
Migrate QPs to RTR, RTS
Resize my queue pointers, use >= 9.13086MB
Master is a worker, does host pi values
.....................................
run():614 115.974 Memory usage: total 74233MB resident 40859MB 
average_count is: 2 step count: 1 time: 1.139 perplexity for hold out set: 5.546249389648
average_count is: 3 step count: 101 time: 1426.429 perplexity for hold out set: 5.543320178986
average_count is: 4 step count: 201 time: 2854.882 perplexity for hold out set: 5.540812969208
average_count is: 5 step count: 301 time: 4283.525 perplexity for hold out set: 5.538576126099
average_count is: 6 step count: 400 time: 5713.960 perplexity for hold out set: 5.536487102509
timer                                    total (s)    ticks  per tick (us)
  load network graph                        3.933        1    3933843.847
  initialize DKV store                      0.007        1       7390.665
  populate pi                             111.040        1  111040149.395
  iteration                              5712.833      3ff    5584392.033
    deploy minibatch                        4.640      3ff       4536.655
      scatter subgraph              <unused>
        marshall edge count         <unused>
        scatterv edges              <unused>
        marshall edges              <unused>
        scatterv edges              <unused>
        unmarshall edges            <unused>
      sample_mini_batch                     3.116      3ff       3046.632
      nodes_in_mini_batch                   1.081      3ff       1057.455
    broadcast theta/beta                    5.430      3ff       5308.143
    update_phi_pi                        5204.841      3ff    5087821.852
      sample_neighbor_nodes                18.156      3ff      17747.937
      load minibatch pi                     1.436      3ff       1404.492
      load neighbor pi                     46.570      3ff      45523.698
      update_phi                         4749.255      3ff    4642478.612
      barrier after update phi              0.035      3ff         34.600
      update_pi                            51.975      3ff      50807.304
      store minibatch pi                  337.370      3ff     329785.105
      barrier after update pi               0.022      3ff         21.523
    update_beta_theta                     492.886      3ff     481804.903
      zero beta grads                       1.505      3ff       1471.931
      rank minibatch nodes                  1.238      3ff       1210.294
      load pi update_beta                   1.414      3ff       1382.369
      beta calc grads                     477.560      3ff     466823.588
      beta sum grads                        0.984      3ff        962.279
      beta reduce(+) grads                  0.021      3ff         21.329
      update theta                          5.274      3ff       5155.461
  perplexity                                5.777        5    1155448.454
      load perplexity pi                    0.321        5      64364.894
      calc edge likelihood                  5.452        5    1090454.408
      purge perplexity pi                   0.000        5          2.245
      reduce/plus perplexity                0.000        5         26.848
Linger a bit to allow gracious shutdown
timer                                    total (s)    ticks  per tick (us)
RDMA poll cq                        <unused>
RDMA read                                  49.727      c02      16176.758
     local read                            25.065  9673b4a          0.159
     per-host read                  <unused>
     post read                      <unused>
     finish read                    <unused>
RDMA write                                372.481      424     351397.727
     local write                          371.342   49289a         77.451
     per-host write                 <unused>
     post write                     <unused>
     finish write                   <unused>
RDMA barrier                        <unused>
posts 0 messages 0 msgs/post -nan
Local read   12ce9c30ed28B 768.314GB/s
Remote read  0B 0.000GB/s per-host loop -nanGB/s
Local write  925258a268B 1.576GB/s
Remote write 0B 0.000GB/s per-host loop -nanGB/s
                                            0.668      42b        626.962
                                            0.521     3a92         34.777
                                            0.000      102          0.911
